This is pdfTeX, Version 3.14159265-2.6-1.40.16 (TeX Live 2015/Debian) (preloaded format=pdflatex 2018.7.27)  31 JUL 2018 11:00
entering extended mode
 restricted \write18 enabled.
 %&-line parsing enabled.
**temp.tex
(./temp.tex
LaTeX2e <2016/02/01>
Babel <3.9q> and hyphenation patterns for 81 language(s) loaded.
(/usr/share/texlive/texmf-dist/tex/latex/koma-script/scrartcl.cls
Document Class: scrartcl 2015/10/03 v3.19a KOMA-Script document class (article)

(/usr/share/texlive/texmf-dist/tex/latex/koma-script/scrkbase.sty
Package: scrkbase 2015/10/03 v3.19a KOMA-Script package (KOMA-Script-dependent 
basics and keyval usage)

(/usr/share/texlive/texmf-dist/tex/latex/koma-script/scrbase.sty
Package: scrbase 2015/10/03 v3.19a KOMA-Script package (KOMA-Script-independent
 basics and keyval usage)

(/usr/share/texlive/texmf-dist/tex/latex/graphics/keyval.sty
Package: keyval 2014/10/28 v1.15 key=value parser (DPC)
\KV@toks@=\toks14
)
(/usr/share/texlive/texmf-dist/tex/latex/koma-script/scrlfile.sty
Package: scrlfile 2015/10/03 v3.19a KOMA-Script package (loading files)

Package scrlfile, 2015/10/03 v3.19a KOMA-Script package (loading files)
                  Copyright (C) Markus Kohm

))) (/usr/share/texlive/texmf-dist/tex/latex/koma-script/tocbasic.sty
Package: tocbasic 2015/10/03 v3.19a KOMA-Script package (handling toc-files)
)
Package tocbasic Info: omitting babel extension for `toc'
(tocbasic)             because of feature `nobabel' available
(tocbasic)             for `toc' on input line 123.
Package tocbasic Info: omitting babel extension for `lof'
(tocbasic)             because of feature `nobabel' available
(tocbasic)             for `lof' on input line 124.
Package tocbasic Info: omitting babel extension for `lot'
(tocbasic)             because of feature `nobabel' available
(tocbasic)             for `lot' on input line 125.
Class scrartcl Info: File `scrsize11pt.clo' used instead of
(scrartcl)           file `scrsize11.clo' to setup font sizes on input line 203
3.

(/usr/share/texlive/texmf-dist/tex/latex/koma-script/scrsize11pt.clo
File: scrsize11pt.clo 2015/10/03 v3.19a KOMA-Script font size class option (11p
t)
)
(/usr/share/texlive/texmf-dist/tex/latex/koma-script/typearea.sty
Package: typearea 2015/10/03 v3.19a KOMA-Script package (type area)

Package typearea, 2015/10/03 v3.19a KOMA-Script package (type area)
                  Copyright (C) Frank Neukam, 1992-1994
                  Copyright (C) Markus Kohm, 1994-

\ta@bcor=\skip41
\ta@div=\count79
\ta@hblk=\skip42
\ta@vblk=\skip43
\ta@temp=\skip44
\footheight=\skip45
Package typearea Info: These are the values describing the layout:
(typearea)             DIV  = 10
(typearea)             BCOR = 0.0pt
(typearea)             \paperwidth      = 597.50793pt
(typearea)              \textwidth      = 418.25555pt
(typearea)              DIV departure   = -6%
(typearea)              \evensidemargin = 17.3562pt
(typearea)              \oddsidemargin  = 17.3562pt
(typearea)             \paperheight     = 845.04694pt
(typearea)              \textheight     = 595.80026pt
(typearea)              \topmargin      = -25.16531pt
(typearea)              \headheight     = 17.0pt
(typearea)              \headsep        = 20.40001pt
(typearea)              \topskip        = 11.0pt
(typearea)              \footskip       = 47.6pt
(typearea)              \baselineskip   = 13.6pt
(typearea)              on input line 1509.
)
\c@part=\count80
\c@section=\count81
\c@subsection=\count82
\c@subsubsection=\count83
\c@paragraph=\count84
\c@subparagraph=\count85
LaTeX Info: Redefining \textsubscript on input line 3906.
\abovecaptionskip=\skip46
\belowcaptionskip=\skip47
\c@pti@nb@sid@b@x=\box26
\c@figure=\count86
\c@table=\count87
\bibindent=\dimen102
) (/usr/share/texlive/texmf-dist/tex/latex/base/fontenc.sty
Package: fontenc 2005/09/27 v1.99g Standard LaTeX package

(/usr/share/texlive/texmf-dist/tex/latex/base/t1enc.def
File: t1enc.def 2005/09/27 v1.99g Standard LaTeX file
LaTeX Font Info:    Redeclaring font encoding T1 on input line 48.
))
(/usr/share/texlive/texmf-dist/tex/latex/base/inputenc.sty
Package: inputenc 2015/03/17 v1.2c Input encoding file
\inpenc@prehook=\toks15
\inpenc@posthook=\toks16

(/usr/share/texlive/texmf-dist/tex/latex/base/latin9.def
File: latin9.def 2015/03/17 v1.2c Input encoding file
))
(/usr/share/texlive/texmf-dist/tex/latex/graphics/color.sty
Package: color 2016/01/03 v1.1b Standard LaTeX Color (DPC)

(/usr/share/texlive/texmf-dist/tex/latex/latexconfig/color.cfg
File: color.cfg 2007/01/18 v1.5 color configuration of teTeX/TeXLive
)
Package color Info: Driver file: pdftex.def on input line 143.

(/usr/share/texlive/texmf-dist/tex/latex/pdftex-def/pdftex.def
File: pdftex.def 2011/05/27 v0.06d Graphics/color for pdfTeX

(/usr/share/texlive/texmf-dist/tex/generic/oberdiek/infwarerr.sty
Package: infwarerr 2010/04/08 v1.3 Providing info/warning/error messages (HO)
)
(/usr/share/texlive/texmf-dist/tex/generic/oberdiek/ltxcmds.sty
Package: ltxcmds 2011/11/09 v1.22 LaTeX kernel commands for general use (HO)
)
\Gread@gobject=\count88
))
(/usr/share/texlive/texmf-dist/tex/generic/babel/babel.sty
Package: babel 2016/02/24 3.9q The Babel package

(/usr/share/texlive/texmf-dist/tex/generic/babel-english/english.ldf
Language: english 2012/08/20 v3.3p English support from the babel system

(/usr/share/texlive/texmf-dist/tex/generic/babel/babel.def
File: babel.def 2016/02/24 3.9q Babel common definitions
\babel@savecnt=\count89
\U@D=\dimen103
)
\l@canadian = a dialect from \language\l@american 
\l@australian = a dialect from \language\l@british 
\l@newzealand = a dialect from \language\l@british 
))
(/usr/share/texlive/texmf-dist/tex/latex/pdfpages/pdfpages.sty
Package: pdfpages 2015/09/18 v0.5d Insert pages of external PDF documents (AM)

(/usr/share/texlive/texmf-dist/tex/latex/base/ifthen.sty
Package: ifthen 2014/09/29 v1.1c Standard LaTeX ifthen package (DPC)
)
(/usr/share/texlive/texmf-dist/tex/latex/tools/calc.sty
Package: calc 2014/10/28 v4.3 Infix arithmetic (KKT,FJ)
\calc@Acount=\count90
\calc@Bcount=\count91
\calc@Adimen=\dimen104
\calc@Bdimen=\dimen105
\calc@Askip=\skip48
\calc@Bskip=\skip49
LaTeX Info: Redefining \setlength on input line 80.
LaTeX Info: Redefining \addtolength on input line 81.
\calc@Ccount=\count92
\calc@Cskip=\skip50
)
(/usr/share/texlive/texmf-dist/tex/latex/eso-pic/eso-pic.sty
Package: eso-pic 2015/07/21 v2.0g eso-pic (RN)

(/usr/share/texlive/texmf-dist/tex/generic/oberdiek/atbegshi.sty
Package: atbegshi 2011/10/05 v1.16 At begin shipout hook (HO)

(/usr/share/texlive/texmf-dist/tex/generic/oberdiek/ifpdf.sty
Package: ifpdf 2011/01/30 v2.3 Provides the ifpdf switch (HO)
Package ifpdf Info: pdfTeX in PDF mode is detected.
)))
(/usr/share/texlive/texmf-dist/tex/latex/graphics/graphicx.sty
Package: graphicx 2014/10/28 v1.0g Enhanced LaTeX Graphics (DPC,SPQR)

(/usr/share/texlive/texmf-dist/tex/latex/graphics/graphics.sty
Package: graphics 2016/01/03 v1.0q Standard LaTeX Graphics (DPC,SPQR)

(/usr/share/texlive/texmf-dist/tex/latex/graphics/trig.sty
Package: trig 2016/01/03 v1.10 sin cos tan (DPC)
)
(/usr/share/texlive/texmf-dist/tex/latex/latexconfig/graphics.cfg
File: graphics.cfg 2010/04/23 v1.9 graphics configuration of TeX Live
)
Package graphics Info: Driver file: pdftex.def on input line 95.
)
\Gin@req@height=\dimen106
\Gin@req@width=\dimen107
)
\AM@pagewidth=\dimen108
\AM@pageheight=\dimen109

(/usr/share/texlive/texmf-dist/tex/latex/pdfpages/pppdftex.def
File: pppdftex.def 2015/09/18 v0.5d Pdfpages driver for pdfTeX (AM)
)
\AM@pagebox=\box27
\AM@toc@title=\toks17
\c@AM@survey=\count93
\AM@templatesizebox=\box28
)
(/usr/share/texlive/texmf-dist/tex/latex/hyperref/hyperref.sty
Package: hyperref 2012/11/06 v6.83m Hypertext links for LaTeX

(/usr/share/texlive/texmf-dist/tex/generic/oberdiek/hobsub-hyperref.sty
Package: hobsub-hyperref 2012/05/28 v1.13 Bundle oberdiek, subset hyperref (HO)


(/usr/share/texlive/texmf-dist/tex/generic/oberdiek/hobsub-generic.sty
Package: hobsub-generic 2012/05/28 v1.13 Bundle oberdiek, subset generic (HO)
Package: hobsub 2012/05/28 v1.13 Construct package bundles (HO)
Package hobsub Info: Skipping package `infwarerr' (already loaded).
Package hobsub Info: Skipping package `ltxcmds' (already loaded).
Package: ifluatex 2010/03/01 v1.3 Provides the ifluatex switch (HO)
Package ifluatex Info: LuaTeX not detected.
Package: ifvtex 2010/03/01 v1.5 Detect VTeX and its facilities (HO)
Package ifvtex Info: VTeX not detected.
Package: intcalc 2007/09/27 v1.1 Expandable calculations with integers (HO)
Package hobsub Info: Skipping package `ifpdf' (already loaded).
Package: etexcmds 2011/02/16 v1.5 Avoid name clashes with e-TeX commands (HO)
Package etexcmds Info: Could not find \expanded.
(etexcmds)             That can mean that you are not using pdfTeX 1.50 or
(etexcmds)             that some package has redefined \expanded.
(etexcmds)             In the latter case, load this package earlier.
Package: kvsetkeys 2012/04/25 v1.16 Key value parser (HO)
Package: kvdefinekeys 2011/04/07 v1.3 Define keys (HO)
Package: pdftexcmds 2011/11/29 v0.20 Utility functions of pdfTeX for LuaTeX (HO
)
Package pdftexcmds Info: LuaTeX not detected.
Package pdftexcmds Info: \pdf@primitive is available.
Package pdftexcmds Info: \pdf@ifprimitive is available.
Package pdftexcmds Info: \pdfdraftmode found.
Package: pdfescape 2011/11/25 v1.13 Implements pdfTeX's escape features (HO)
Package: bigintcalc 2012/04/08 v1.3 Expandable calculations on big integers (HO
)
Package: bitset 2011/01/30 v1.1 Handle bit-vector datatype (HO)
Package: uniquecounter 2011/01/30 v1.2 Provide unlimited unique counter (HO)
)
Package hobsub Info: Skipping package `hobsub' (already loaded).
Package: letltxmacro 2010/09/02 v1.4 Let assignment for LaTeX macros (HO)
Package: hopatch 2012/05/28 v1.2 Wrapper for package hooks (HO)
Package: xcolor-patch 2011/01/30 xcolor patch
Package: atveryend 2011/06/30 v1.8 Hooks at the very end of document (HO)
Package atveryend Info: \enddocument detected (standard20110627).
Package hobsub Info: Skipping package `atbegshi' (already loaded).
Package: refcount 2011/10/16 v3.4 Data extraction from label references (HO)
Package: hycolor 2011/01/30 v1.7 Color options for hyperref/bookmark (HO)
)
(/usr/share/texlive/texmf-dist/tex/generic/ifxetex/ifxetex.sty
Package: ifxetex 2010/09/12 v0.6 Provides ifxetex conditional
)
(/usr/share/texlive/texmf-dist/tex/latex/oberdiek/auxhook.sty
Package: auxhook 2011/03/04 v1.3 Hooks for auxiliary files (HO)
)
(/usr/share/texlive/texmf-dist/tex/latex/oberdiek/kvoptions.sty
Package: kvoptions 2011/06/30 v3.11 Key value format for package options (HO)
)
\@linkdim=\dimen110
\Hy@linkcounter=\count94
\Hy@pagecounter=\count95

(/usr/share/texlive/texmf-dist/tex/latex/hyperref/pd1enc.def
File: pd1enc.def 2012/11/06 v6.83m Hyperref: PDFDocEncoding definition (HO)
)
\Hy@SavedSpaceFactor=\count96

(/usr/share/texlive/texmf-dist/tex/latex/latexconfig/hyperref.cfg
File: hyperref.cfg 2002/06/06 v1.2 hyperref configuration of TeXLive
)
Package hyperref Info: Option `unicode' set `true' on input line 4319.

(/usr/share/texlive/texmf-dist/tex/latex/hyperref/puenc.def
File: puenc.def 2012/11/06 v6.83m Hyperref: PDF Unicode definition (HO)
)
Package hyperref Info: Option `pdfusetitle' set `true' on input line 4319.
Package hyperref Info: Option `bookmarks' set `true' on input line 4319.
Package hyperref Info: Option `bookmarksnumbered' set `false' on input line 431
9.
Package hyperref Info: Option `bookmarksopen' set `false' on input line 4319.
Package hyperref Info: Option `breaklinks' set `true' on input line 4319.
Package hyperref Info: Option `colorlinks' set `true' on input line 4319.
Package hyperref Info: Hyper figures OFF on input line 4443.
Package hyperref Info: Link nesting OFF on input line 4448.
Package hyperref Info: Hyper index ON on input line 4451.
Package hyperref Info: Plain pages OFF on input line 4458.
Package hyperref Info: Backreferencing OFF on input line 4463.
Package hyperref Info: Implicit mode ON; LaTeX internals redefined.
Package hyperref Info: Bookmarks ON on input line 4688.
\c@Hy@tempcnt=\count97

(/usr/share/texlive/texmf-dist/tex/latex/url/url.sty
\Urlmuskip=\muskip10
Package: url 2013/09/16  ver 3.4  Verb mode for urls, etc.
)
LaTeX Info: Redefining \url on input line 5041.
\XeTeXLinkMargin=\dimen111
\Fld@menulength=\count98
\Field@Width=\dimen112
\Fld@charsize=\dimen113
Package hyperref Info: Hyper figures OFF on input line 6295.
Package hyperref Info: Link nesting OFF on input line 6300.
Package hyperref Info: Hyper index ON on input line 6303.
Package hyperref Info: backreferencing OFF on input line 6310.
Package hyperref Info: Link coloring ON on input line 6313.
Package hyperref Info: Link coloring with OCG OFF on input line 6320.
Package hyperref Info: PDF/A mode OFF on input line 6325.
LaTeX Info: Redefining \ref on input line 6365.
LaTeX Info: Redefining \pageref on input line 6369.
\Hy@abspage=\count99
\c@Item=\count100
\c@Hfootnote=\count101
)

Package hyperref Message: Driver (autodetected): hpdftex.

(/usr/share/texlive/texmf-dist/tex/latex/hyperref/hpdftex.def
File: hpdftex.def 2012/11/06 v6.83m Hyperref driver for pdfTeX
\Fld@listcount=\count102
\c@bookmark@seq@number=\count103

(/usr/share/texlive/texmf-dist/tex/latex/oberdiek/rerunfilecheck.sty
Package: rerunfilecheck 2011/04/15 v1.7 Rerun checks for auxiliary files (HO)
Package uniquecounter Info: New unique counter `rerunfilecheck' on input line 2
82.
)
\Hy@SectionHShift=\skip51
)
(/usr/share/texlive/texmf-dist/tex/latex/breakurl/breakurl.sty
Package: breakurl 2013/04/10 v1.40 Breakable hyperref URLs

(/usr/share/texlive/texmf-dist/tex/latex/xkeyval/xkeyval.sty
Package: xkeyval 2014/12/03 v2.7a package option processing (HA)

(/usr/share/texlive/texmf-dist/tex/generic/xkeyval/xkeyval.tex
(/usr/share/texlive/texmf-dist/tex/generic/xkeyval/xkvutils.tex
\XKV@toks=\toks18
\XKV@tempa@toks=\toks19
)
\XKV@depth=\count104
File: xkeyval.tex 2014/12/03 v2.7a key=value parser (HA)
))

Package breakurl Warning: You are using breakurl while processing via pdflatex.

(breakurl)                \burl will be just a synonym of \url.
(breakurl)                 on input line 48.

) (/usr/share/texlive/texmf-dist/tex/latex/mciteplus/mciteplus.sty
Package: mciteplus 2013/09/13 v1.2 enhanced mcite
\@mcitetmptoksA=\toks20
\@mcitetmpdima=\dimen114
\@mcitetmpdimb=\dimen115
\@mcitetmpcnta=\count105
\@mcitetmpcntb=\count106
\c@mcitebibitemcount=\count107
\c@mcitesubitemcount=\count108
) (./temp.aux)
\openout1 = `temp.aux'.

LaTeX Font Info:    Checking defaults for OML/cmm/m/it on input line 30.
LaTeX Font Info:    ... okay on input line 30.
LaTeX Font Info:    Checking defaults for T1/cmr/m/n on input line 30.
LaTeX Font Info:    ... okay on input line 30.
LaTeX Font Info:    Checking defaults for OT1/cmr/m/n on input line 30.
LaTeX Font Info:    ... okay on input line 30.
LaTeX Font Info:    Checking defaults for OMS/cmsy/m/n on input line 30.
LaTeX Font Info:    ... okay on input line 30.
LaTeX Font Info:    Checking defaults for OMX/cmex/m/n on input line 30.
LaTeX Font Info:    ... okay on input line 30.
LaTeX Font Info:    Checking defaults for U/cmr/m/n on input line 30.
LaTeX Font Info:    ... okay on input line 30.
LaTeX Font Info:    Checking defaults for PD1/pdf/m/n on input line 30.
LaTeX Font Info:    ... okay on input line 30.
LaTeX Font Info:    Checking defaults for PU/pdf/m/n on input line 30.
LaTeX Font Info:    ... okay on input line 30.
 (/usr/share/texlive/texmf-dist/tex/context/base/supp-pdf.mkii
[Loading MPS to PDF converter (version 2006.09.02).]
\scratchcounter=\count109
\scratchdimen=\dimen116
\scratchbox=\box29
\nofMPsegments=\count110
\nofMParguments=\count111
\everyMPshowfont=\toks21
\MPscratchCnt=\count112
\MPscratchDim=\dimen117
\MPnumerator=\count113
\makeMPintoPDFobject=\count114
\everyMPtoPDFconversion=\toks22
)
\AtBeginShipoutBox=\box30
 (/usr/share/texlive/texmf-dist/tex/latex/oberdiek/epstopdf-base.sty
Package: epstopdf-base 2010/02/09 v2.5 Base part for package epstopdf

(/usr/share/texlive/texmf-dist/tex/latex/oberdiek/grfext.sty
Package: grfext 2010/08/19 v1.1 Manage graphics extensions (HO)
)
Package grfext Info: Graphics extension search list:
(grfext)             [.png,.pdf,.jpg,.mps,.jpeg,.jbig2,.jb2,.PNG,.PDF,.JPG,.JPE
G,.JBIG2,.JB2,.eps]
(grfext)             \AppendGraphicsExtensions on input line 452.

(/usr/share/texlive/texmf-dist/tex/latex/latexconfig/epstopdf-sys.cfg
File: epstopdf-sys.cfg 2010/07/13 v1.3 Configuration of (r)epstopdf for TeX Liv
e
))
(/usr/share/texlive/texmf-dist/tex/latex/oberdiek/pdflscape.sty
Package: pdflscape 2008/08/11 v0.10 Display of landscape pages in PDF (HO)

(/usr/share/texlive/texmf-dist/tex/latex/graphics/lscape.sty
Package: lscape 2000/10/22 v3.01 Landscape Pages (DPC)
)
Package pdflscape Info: Auto-detected driver: pdftex on input line 80.
)
Package hyperref Info: Link coloring ON on input line 30.

(/usr/share/texlive/texmf-dist/tex/latex/hyperref/nameref.sty
Package: nameref 2012/10/27 v2.43 Cross-referencing by name of section

(/usr/share/texlive/texmf-dist/tex/generic/oberdiek/gettitlestring.sty
Package: gettitlestring 2010/12/03 v1.4 Cleanup title references (HO)
)
\c@section@level=\count115
)
LaTeX Info: Redefining \ref on input line 30.
LaTeX Info: Redefining \pageref on input line 30.
LaTeX Info: Redefining \nameref on input line 30.

(./temp.out) (./temp.out)
\@outlinefile=\write3
\openout3 = `temp.out'.

LaTeX Font Info:    Try loading font information for T1+cmss on input line 39.

(/usr/share/texlive/texmf-dist/tex/latex/base/t1cmss.fd
File: t1cmss.fd 2014/09/29 v2.5h Standard LaTeX font definitions
)
LaTeX Font Info:    External font `cmex10' loaded for size
(Font)              <14.4> on input line 39.
LaTeX Font Info:    External font `cmex10' loaded for size
(Font)              <7> on input line 39.
 (./temp.toc
LaTeX Font Info:    External font `cmex10' loaded for size
(Font)              <10.95> on input line 3.
LaTeX Font Info:    External font `cmex10' loaded for size
(Font)              <8> on input line 3.
LaTeX Font Info:    External font `cmex10' loaded for size
(Font)              <6> on input line 3.
)
\tf@toc=\write4
\openout4 = `temp.toc'.

 [1


{/var/lib/texmf/fonts/map/pdftex/updmap/pdftex.map}] [2]

LaTeX Warning: Citation `moore2016movement' on page 3 undefined on input line 1
02.


LaTeX Warning: Citation `moore2015efficacy' on page 3 undefined on input line 1
10.


LaTeX Warning: Citation `bedford2013longterm' on page 3 undefined on input line
 114.


LaTeX Warning: Citation `marshall2015anew2' on page 3 undefined on input line 1
19.


LaTeX Warning: Citation `marshall2017anew' on page 3 undefined on input line 11
9.


LaTeX Warning: Citation `jackson2015needfor' on page 3 undefined on input line 
131.


LaTeX Warning: Citation `vaqalo2015anemerging' on page 3 undefined on input lin
e 131.


LaTeX Warning: Citation `marshall2016whitepaper' on page 3 undefined on input l
ine 131.


LaTeX Warning: Citation `moore2016meeting' on page 3 undefined on input line 13
3.


LaTeX Warning: Citation `gressitt1953thecoconut' on page 3 undefined on input l
ine 147.

[3]

LaTeX Warning: Citation `jackson2015needfor' on page 4 undefined on input line 
159.


LaTeX Warning: Citation `vaqalo2015anemerging' on page 4 undefined on input lin
e 159.


LaTeX Warning: Citation `marshall2016whitepaper' on page 4 undefined on input l
ine 159.

[4]
Overfull \hbox (3.29767pt too wide) in paragraph at lines 215--223
\T1/cmr/m/n/10.95 and also \T1/cmr/m/it/10.95 in vivo \T1/cmr/m/n/10.95 (in liv
e CRB-G) at the Uni-ver-sity of Guam. Bee-tles for auto-dissemination
 []


LaTeX Warning: Citation `moore2017judasbeetles' on page 5 undefined on input li
ne 233.

LaTeX Font Info:    Try loading font information for OMS+cmr on input line 257.

(/usr/share/texlive/texmf-dist/tex/latex/base/omscmr.fd
File: omscmr.fd 2014/09/29 v2.5h Standard LaTeX font definitions
)
LaTeX Font Info:    Font shape `OMS/cmr/m/n' in size <10.95> not available
(Font)              Font shape `OMS/cmsy/m/n' tried instead on input line 257.
 [5]
<timeline.png, id=116, 989.6975pt x 731.73375pt>
File: timeline.png Graphic file (type png)
 <use timeline.png>
Package pdftex.def Info: timeline.png used on input line 293.
(pdftex.def)             Requested size: 418.25249pt x 309.23535pt.
 [6]
[7 <./timeline.png>]
No file temp.bbl.
[8] <FB-REPORT1-FY2016.pdf, id=131, 614.295pt x 794.97pt>
File: FB-REPORT1-FY2016.pdf Graphic file (type pdf)

<use FB-REPORT1-FY2016.pdf>
Package pdftex.def Info: FB-REPORT1-FY2016.pdf used on input line 326.
(pdftex.def)             Requested size: 614.29349pt x 794.96806pt.
File: FB-REPORT1-FY2016.pdf Graphic file (type pdf)
 <use FB-REPORT1-FY2016.pdf>
Package pdftex.def Info: FB-REPORT1-FY2016.pdf used on input line 326.
(pdftex.def)             Requested size: 614.29349pt x 794.96806pt.

<FB-REPORT1-FY2016.pdf, id=134, page=1, 614.295pt x 794.97pt>
File: FB-REPORT1-FY2016.pdf Graphic file (type pdf)

<use FB-REPORT1-FY2016.pdf, page 1>
Package pdftex.def Info: FB-REPORT1-FY2016.pdf, page1 used on input line 326.
(pdftex.def)             Requested size: 614.29349pt x 794.96806pt.
File: FB-REPORT1-FY2016.pdf Graphic file (type pdf)
 <use FB-REPORT1-FY2016.pdf, page 1>
Package pdftex.def Info: FB-REPORT1-FY2016.pdf, page1 used on input line 326.
(pdftex.def)             Requested size: 597.78697pt x 773.60669pt.

[9]
File: FB-REPORT1-FY2016.pdf Graphic file (type pdf)
 <use FB-REPORT1-FY2016.pdf, page 1>
Package pdftex.def Info: FB-REPORT1-FY2016.pdf, page1 used on input line 326.
(pdftex.def)             Requested size: 597.78697pt x 773.60669pt.
File: FB-REPORT1-FY2016.pdf Graphic file (type pdf)
 <use FB-REPORT1-FY2016.pdf, page 1>
Package pdftex.def Info: FB-REPORT1-FY2016.pdf, page1 used on input line 326.
(pdftex.def)             Requested size: 597.78697pt x 773.60669pt.
File: FB-REPORT1-FY2016.pdf Graphic file (type pdf)

<use FB-REPORT1-FY2016.pdf, page 1>
Package pdftex.def Info: FB-REPORT1-FY2016.pdf, page1 used on input line 326.
(pdftex.def)             Requested size: 597.78697pt x 773.60669pt.
 [10 <./FB-REPORT1-FY2016.pdf>]
<FB-REPORT1-FY2016.pdf, id=165, page=2, 614.295pt x 794.97pt>
File: FB-REPORT1-FY2016.pdf Graphic file (type pdf)

<use FB-REPORT1-FY2016.pdf, page 2>
Package pdftex.def Info: FB-REPORT1-FY2016.pdf, page2 used on input line 326.
(pdftex.def)             Requested size: 597.78697pt x 773.60669pt.
File: FB-REPORT1-FY2016.pdf Graphic file (type pdf)
 <use FB-REPORT1-FY2016.pdf, page 2>
Package pdftex.def Info: FB-REPORT1-FY2016.pdf, page2 used on input line 326.
(pdftex.def)             Requested size: 597.78697pt x 773.60669pt.
File: FB-REPORT1-FY2016.pdf Graphic file (type pdf)

<use FB-REPORT1-FY2016.pdf, page 2>
Package pdftex.def Info: FB-REPORT1-FY2016.pdf, page2 used on input line 326.
(pdftex.def)             Requested size: 597.78697pt x 773.60669pt.
 [11 <./FB-REPORT1-FY2016.pdf>]
<FB-REPORT1-FY2016.pdf, id=175, page=3, 614.295pt x 794.97pt>
File: FB-REPORT1-FY2016.pdf Graphic file (type pdf)

<use FB-REPORT1-FY2016.pdf, page 3>
Package pdftex.def Info: FB-REPORT1-FY2016.pdf, page3 used on input line 326.
(pdftex.def)             Requested size: 597.78697pt x 773.60669pt.
File: FB-REPORT1-FY2016.pdf Graphic file (type pdf)
 <use FB-REPORT1-FY2016.pdf, page 3>
Package pdftex.def Info: FB-REPORT1-FY2016.pdf, page3 used on input line 326.
(pdftex.def)             Requested size: 597.78697pt x 773.60669pt.
File: FB-REPORT1-FY2016.pdf Graphic file (type pdf)

<use FB-REPORT1-FY2016.pdf, page 3>
Package pdftex.def Info: FB-REPORT1-FY2016.pdf, page3 used on input line 326.
(pdftex.def)             Requested size: 597.78697pt x 773.60669pt.
 [12 <./FB-REPORT1-FY2016.pdf>]
<FB-REPORT1-FY2016.pdf, id=185, page=4, 614.295pt x 794.97pt>
File: FB-REPORT1-FY2016.pdf Graphic file (type pdf)

<use FB-REPORT1-FY2016.pdf, page 4>
Package pdftex.def Info: FB-REPORT1-FY2016.pdf, page4 used on input line 326.
(pdftex.def)             Requested size: 597.78697pt x 773.60669pt.
File: FB-REPORT1-FY2016.pdf Graphic file (type pdf)
 <use FB-REPORT1-FY2016.pdf, page 4>
Package pdftex.def Info: FB-REPORT1-FY2016.pdf, page4 used on input line 326.
(pdftex.def)             Requested size: 597.78697pt x 773.60669pt.
File: FB-REPORT1-FY2016.pdf Graphic file (type pdf)

<use FB-REPORT1-FY2016.pdf, page 4>
Package pdftex.def Info: FB-REPORT1-FY2016.pdf, page4 used on input line 326.
(pdftex.def)             Requested size: 597.78697pt x 773.60669pt.
 [13 <./FB-REPORT1-FY2016.pdf>]
<FB-REPORT1-FY2016.pdf, id=196, page=5, 614.295pt x 794.97pt>
File: FB-REPORT1-FY2016.pdf Graphic file (type pdf)

<use FB-REPORT1-FY2016.pdf, page 5>
Package pdftex.def Info: FB-REPORT1-FY2016.pdf, page5 used on input line 326.
(pdftex.def)             Requested size: 597.78697pt x 773.60669pt.
File: FB-REPORT1-FY2016.pdf Graphic file (type pdf)
 <use FB-REPORT1-FY2016.pdf, page 5>
Package pdftex.def Info: FB-REPORT1-FY2016.pdf, page5 used on input line 326.
(pdftex.def)             Requested size: 597.78697pt x 773.60669pt.
File: FB-REPORT1-FY2016.pdf Graphic file (type pdf)

<use FB-REPORT1-FY2016.pdf, page 5>
Package pdftex.def Info: FB-REPORT1-FY2016.pdf, page5 used on input line 326.
(pdftex.def)             Requested size: 597.78697pt x 773.60669pt.
 [14 <./FB-REPORT1-FY2016.pdf>]
<FB-REPORT1-FY2016.pdf, id=201, page=6, 614.295pt x 794.97pt>
File: FB-REPORT1-FY2016.pdf Graphic file (type pdf)

<use FB-REPORT1-FY2016.pdf, page 6>
Package pdftex.def Info: FB-REPORT1-FY2016.pdf, page6 used on input line 326.
(pdftex.def)             Requested size: 597.78697pt x 773.60669pt.
File: FB-REPORT1-FY2016.pdf Graphic file (type pdf)
 <use FB-REPORT1-FY2016.pdf, page 6>
Package pdftex.def Info: FB-REPORT1-FY2016.pdf, page6 used on input line 326.
(pdftex.def)             Requested size: 597.78697pt x 773.60669pt.
File: FB-REPORT1-FY2016.pdf Graphic file (type pdf)

<use FB-REPORT1-FY2016.pdf, page 6>
Package pdftex.def Info: FB-REPORT1-FY2016.pdf, page6 used on input line 326.
(pdftex.def)             Requested size: 597.78697pt x 773.60669pt.
 [15 <./FB-REPORT1-FY2016.pdf>]
<FB-REPORT1-FY2016.pdf, id=211, page=7, 614.295pt x 794.97pt>
File: FB-REPORT1-FY2016.pdf Graphic file (type pdf)

<use FB-REPORT1-FY2016.pdf, page 7>
Package pdftex.def Info: FB-REPORT1-FY2016.pdf, page7 used on input line 326.
(pdftex.def)             Requested size: 597.78697pt x 773.60669pt.
File: FB-REPORT1-FY2016.pdf Graphic file (type pdf)
 <use FB-REPORT1-FY2016.pdf, page 7>
Package pdftex.def Info: FB-REPORT1-FY2016.pdf, page7 used on input line 326.
(pdftex.def)             Requested size: 597.78697pt x 773.60669pt.
File: FB-REPORT1-FY2016.pdf Graphic file (type pdf)

<use FB-REPORT1-FY2016.pdf, page 7>
Package pdftex.def Info: FB-REPORT1-FY2016.pdf, page7 used on input line 326.
(pdftex.def)             Requested size: 597.78697pt x 773.60669pt.
 [16 <./FB-REPORT1-FY2016.pdf>]
<FB-REPORT1-FY2016.pdf, id=221, page=8, 614.295pt x 794.97pt>
File: FB-REPORT1-FY2016.pdf Graphic file (type pdf)

<use FB-REPORT1-FY2016.pdf, page 8>
Package pdftex.def Info: FB-REPORT1-FY2016.pdf, page8 used on input line 326.
(pdftex.def)             Requested size: 597.78697pt x 773.60669pt.
File: FB-REPORT1-FY2016.pdf Graphic file (type pdf)
 <use FB-REPORT1-FY2016.pdf, page 8>
Package pdftex.def Info: FB-REPORT1-FY2016.pdf, page8 used on input line 326.
(pdftex.def)             Requested size: 597.78697pt x 773.60669pt.
File: FB-REPORT1-FY2016.pdf Graphic file (type pdf)

<use FB-REPORT1-FY2016.pdf, page 8>
Package pdftex.def Info: FB-REPORT1-FY2016.pdf, page8 used on input line 326.
(pdftex.def)             Requested size: 597.78697pt x 773.60669pt.
 [17 <./FB-REPORT1-FY2016.pdf>]
<FB-REPORT1-FY2016.pdf, id=226, page=9, 614.295pt x 794.97pt>
File: FB-REPORT1-FY2016.pdf Graphic file (type pdf)

<use FB-REPORT1-FY2016.pdf, page 9>
Package pdftex.def Info: FB-REPORT1-FY2016.pdf, page9 used on input line 326.
(pdftex.def)             Requested size: 597.78697pt x 773.60669pt.
File: FB-REPORT1-FY2016.pdf Graphic file (type pdf)
 <use FB-REPORT1-FY2016.pdf, page 9>
Package pdftex.def Info: FB-REPORT1-FY2016.pdf, page9 used on input line 326.
(pdftex.def)             Requested size: 597.78697pt x 773.60669pt.
File: FB-REPORT1-FY2016.pdf Graphic file (type pdf)

<use FB-REPORT1-FY2016.pdf, page 9>
Package pdftex.def Info: FB-REPORT1-FY2016.pdf, page9 used on input line 326.
(pdftex.def)             Requested size: 597.78697pt x 773.60669pt.
 [18 <./FB-REPORT1-FY2016.pdf>]
<FB-REPORT1-FY2016.pdf, id=231, page=10, 614.295pt x 794.97pt>
File: FB-REPORT1-FY2016.pdf Graphic file (type pdf)

<use FB-REPORT1-FY2016.pdf, page 10>
Package pdftex.def Info: FB-REPORT1-FY2016.pdf, page10 used on input line 326.
(pdftex.def)             Requested size: 597.78697pt x 773.60669pt.
File: FB-REPORT1-FY2016.pdf Graphic file (type pdf)
 <use FB-REPORT1-FY2016.pdf, page 10>
Package pdftex.def Info: FB-REPORT1-FY2016.pdf, page10 used on input line 326.
(pdftex.def)             Requested size: 597.78697pt x 773.60669pt.
File: FB-REPORT1-FY2016.pdf Graphic file (type pdf)

<use FB-REPORT1-FY2016.pdf, page 10>
Package pdftex.def Info: FB-REPORT1-FY2016.pdf, page10 used on input line 326.
(pdftex.def)             Requested size: 597.78697pt x 773.60669pt.
 [19 <./FB-REPORT1-FY2016.pdf>]
<"AgR PH CRB PCR analysis Report_SM170615".pdf, id=238, 597.55246pt x 845.07718
pt>
File: "AgR PH CRB PCR analysis Report_SM170615".pdf Graphic file (type pdf)
 <use "AgR PH CRB PCR analysis Report_SM170615".pdf>
Package pdftex.def Info: "AgR PH CRB PCR analysis Report_SM170615".pdf used on 
input line 333.
(pdftex.def)             Requested size: 597.551pt x 845.07512pt.
File: "AgR PH CRB PCR analysis Report_SM170615".pdf Graphic file (type pdf)

<use "AgR PH CRB PCR analysis Report_SM170615".pdf>
Package pdftex.def Info: "AgR PH CRB PCR analysis Report_SM170615".pdf used on 
input line 333.
(pdftex.def)             Requested size: 597.551pt x 845.07512pt.

<"AgR PH CRB PCR analysis Report_SM170615".pdf, id=241, page=1, 597.55246pt x 8
45.07718pt>
File: "AgR PH CRB PCR analysis Report_SM170615".pdf Graphic file (type pdf)
 <use "AgR PH CRB PCR analysis Report_SM170615".pdf, page 1>
Package pdftex.def Info: "AgR PH CRB PCR analysis Report_SM170615".pdf, page1 u
sed on input line 333.
(pdftex.def)             Requested size: 597.551pt x 845.07512pt.
File: "AgR PH CRB PCR analysis Report_SM170615".pdf Graphic file (type pdf)

<use "AgR PH CRB PCR analysis Report_SM170615".pdf, page 1>
Package pdftex.def Info: "AgR PH CRB PCR analysis Report_SM170615".pdf, page1 u
sed on input line 333.
(pdftex.def)             Requested size: 597.57834pt x 845.1138pt.
 [20]
File: "AgR PH CRB PCR analysis Report_SM170615".pdf Graphic file (type pdf)

<use "AgR PH CRB PCR analysis Report_SM170615".pdf, page 1>
Package pdftex.def Info: "AgR PH CRB PCR analysis Report_SM170615".pdf, page1 u
sed on input line 333.
(pdftex.def)             Requested size: 597.57834pt x 845.1138pt.
File: "AgR PH CRB PCR analysis Report_SM170615".pdf Graphic file (type pdf)

<use "AgR PH CRB PCR analysis Report_SM170615".pdf, page 1>
Package pdftex.def Info: "AgR PH CRB PCR analysis Report_SM170615".pdf, page1 u
sed on input line 333.
(pdftex.def)             Requested size: 597.57834pt x 845.1138pt.
File: "AgR PH CRB PCR analysis Report_SM170615".pdf Graphic file (type pdf)

<use "AgR PH CRB PCR analysis Report_SM170615".pdf, page 1>
Package pdftex.def Info: "AgR PH CRB PCR analysis Report_SM170615".pdf, page1 u
sed on input line 333.
(pdftex.def)             Requested size: 597.57834pt x 845.1138pt.
 [21 <./AgR PH CRB PCR analysis Report_SM170615.pdf>]
<"AgR PH CRB PCR analysis Report_SM170615".pdf, id=266, page=2, 597.55246pt x 8
45.07718pt>
File: "AgR PH CRB PCR analysis Report_SM170615".pdf Graphic file (type pdf)
 <use "AgR PH CRB PCR analysis Report_SM170615".pdf, page 2>
Package pdftex.def Info: "AgR PH CRB PCR analysis Report_SM170615".pdf, page2 u
sed on input line 333.
(pdftex.def)             Requested size: 597.57834pt x 845.1138pt.
File: "AgR PH CRB PCR analysis Report_SM170615".pdf Graphic file (type pdf)

<use "AgR PH CRB PCR analysis Report_SM170615".pdf, page 2>
Package pdftex.def Info: "AgR PH CRB PCR analysis Report_SM170615".pdf, page2 u
sed on input line 333.
(pdftex.def)             Requested size: 597.57834pt x 845.1138pt.
File: "AgR PH CRB PCR analysis Report_SM170615".pdf Graphic file (type pdf)

<use "AgR PH CRB PCR analysis Report_SM170615".pdf, page 2>
Package pdftex.def Info: "AgR PH CRB PCR analysis Report_SM170615".pdf, page2 u
sed on input line 333.
(pdftex.def)             Requested size: 597.57834pt x 845.1138pt.
 [22 <./AgR PH CRB PCR analysis Report_SM170615.pdf>]
<"AgR PH CRB PCR analysis Report_SM170615".pdf, id=282, page=3, 597.55246pt x 8
45.07718pt>
File: "AgR PH CRB PCR analysis Report_SM170615".pdf Graphic file (type pdf)
 <use "AgR PH CRB PCR analysis Report_SM170615".pdf, page 3>
Package pdftex.def Info: "AgR PH CRB PCR analysis Report_SM170615".pdf, page3 u
sed on input line 333.
(pdftex.def)             Requested size: 597.57834pt x 845.1138pt.
File: "AgR PH CRB PCR analysis Report_SM170615".pdf Graphic file (type pdf)

<use "AgR PH CRB PCR analysis Report_SM170615".pdf, page 3>
Package pdftex.def Info: "AgR PH CRB PCR analysis Report_SM170615".pdf, page3 u
sed on input line 333.
(pdftex.def)             Requested size: 597.57834pt x 845.1138pt.
File: "AgR PH CRB PCR analysis Report_SM170615".pdf Graphic file (type pdf)

<use "AgR PH CRB PCR analysis Report_SM170615".pdf, page 3>
Package pdftex.def Info: "AgR PH CRB PCR analysis Report_SM170615".pdf, page3 u
sed on input line 333.
(pdftex.def)             Requested size: 597.57834pt x 845.1138pt.
 [23 <./AgR PH CRB PCR analysis Report_SM170615.pdf>]
<"AgR PH CRB PCR analysis Report_SM170615".pdf, id=288, page=4, 597.55246pt x 8
45.07718pt>
File: "AgR PH CRB PCR analysis Report_SM170615".pdf Graphic file (type pdf)
 <use "AgR PH CRB PCR analysis Report_SM170615".pdf, page 4>
Package pdftex.def Info: "AgR PH CRB PCR analysis Report_SM170615".pdf, page4 u
sed on input line 333.
(pdftex.def)             Requested size: 597.57834pt x 845.1138pt.
File: "AgR PH CRB PCR analysis Report_SM170615".pdf Graphic file (type pdf)

<use "AgR PH CRB PCR analysis Report_SM170615".pdf, page 4>
Package pdftex.def Info: "AgR PH CRB PCR analysis Report_SM170615".pdf, page4 u
sed on input line 333.
(pdftex.def)             Requested size: 597.57834pt x 845.1138pt.
File: "AgR PH CRB PCR analysis Report_SM170615".pdf Graphic file (type pdf)

<use "AgR PH CRB PCR analysis Report_SM170615".pdf, page 4>
Package pdftex.def Info: "AgR PH CRB PCR analysis Report_SM170615".pdf, page4 u
sed on input line 333.
(pdftex.def)             Requested size: 597.57834pt x 845.1138pt.
 [24 <./AgR PH CRB PCR analysis Report_SM170615.pdf>]
<"AgR PH CRB PCR analysis Report_SM170615".pdf, id=303, page=5, 597.19112pt x 8
45.19763pt>
File: "AgR PH CRB PCR analysis Report_SM170615".pdf Graphic file (type pdf)
 <use "AgR PH CRB PCR analysis Report_SM170615".pdf, page 5>
Package pdftex.def Info: "AgR PH CRB PCR analysis Report_SM170615".pdf, page5 u
sed on input line 333.
(pdftex.def)             Requested size: 597.217pt x 845.23425pt.
File: "AgR PH CRB PCR analysis Report_SM170615".pdf Graphic file (type pdf)

<use "AgR PH CRB PCR analysis Report_SM170615".pdf, page 5>
Package pdftex.def Info: "AgR PH CRB PCR analysis Report_SM170615".pdf, page5 u
sed on input line 333.
(pdftex.def)             Requested size: 597.217pt x 845.23425pt.
File: "AgR PH CRB PCR analysis Report_SM170615".pdf Graphic file (type pdf)

<use "AgR PH CRB PCR analysis Report_SM170615".pdf, page 5>
Package pdftex.def Info: "AgR PH CRB PCR analysis Report_SM170615".pdf, page5 u
sed on input line 333.
(pdftex.def)             Requested size: 597.217pt x 845.23425pt.
 [25 <./AgR PH CRB PCR analysis Report_SM170615.pdf>]
<"AgR PH CRB PCR analysis Report_SM170615".pdf, id=310, page=6, 597.19112pt x 8
45.19763pt>
File: "AgR PH CRB PCR analysis Report_SM170615".pdf Graphic file (type pdf)
 <use "AgR PH CRB PCR analysis Report_SM170615".pdf, page 6>
Package pdftex.def Info: "AgR PH CRB PCR analysis Report_SM170615".pdf, page6 u
sed on input line 333.
(pdftex.def)             Requested size: 597.217pt x 845.23425pt.
File: "AgR PH CRB PCR analysis Report_SM170615".pdf Graphic file (type pdf)

<use "AgR PH CRB PCR analysis Report_SM170615".pdf, page 6>
Package pdftex.def Info: "AgR PH CRB PCR analysis Report_SM170615".pdf, page6 u
sed on input line 333.
(pdftex.def)             Requested size: 597.217pt x 845.23425pt.
File: "AgR PH CRB PCR analysis Report_SM170615".pdf Graphic file (type pdf)

<use "AgR PH CRB PCR analysis Report_SM170615".pdf, page 6>
Package pdftex.def Info: "AgR PH CRB PCR analysis Report_SM170615".pdf, page6 u
sed on input line 333.
(pdftex.def)             Requested size: 597.217pt x 845.23425pt.
 [26 <./AgR PH CRB PCR analysis Report_SM170615.pdf>]
<"AgR PH CRB PCR analysis Report_SM170615".pdf, id=324, page=7, 597.19112pt x 8
45.19763pt>
File: "AgR PH CRB PCR analysis Report_SM170615".pdf Graphic file (type pdf)
 <use "AgR PH CRB PCR analysis Report_SM170615".pdf, page 7>
Package pdftex.def Info: "AgR PH CRB PCR analysis Report_SM170615".pdf, page7 u
sed on input line 333.
(pdftex.def)             Requested size: 597.217pt x 845.23425pt.
File: "AgR PH CRB PCR analysis Report_SM170615".pdf Graphic file (type pdf)

<use "AgR PH CRB PCR analysis Report_SM170615".pdf, page 7>
Package pdftex.def Info: "AgR PH CRB PCR analysis Report_SM170615".pdf, page7 u
sed on input line 333.
(pdftex.def)             Requested size: 597.217pt x 845.23425pt.
File: "AgR PH CRB PCR analysis Report_SM170615".pdf Graphic file (type pdf)

<use "AgR PH CRB PCR analysis Report_SM170615".pdf, page 7>
Package pdftex.def Info: "AgR PH CRB PCR analysis Report_SM170615".pdf, page7 u
sed on input line 333.
(pdftex.def)             Requested size: 597.217pt x 845.23425pt.
 [27 <./AgR PH CRB PCR analysis Report_SM170615.pdf>]
<"AgR PH CRB PCR analysis Report_SM170615".pdf, id=330, page=8, 597.19112pt x 8
45.19763pt>
File: "AgR PH CRB PCR analysis Report_SM170615".pdf Graphic file (type pdf)
 <use "AgR PH CRB PCR analysis Report_SM170615".pdf, page 8>
Package pdftex.def Info: "AgR PH CRB PCR analysis Report_SM170615".pdf, page8 u
sed on input line 333.
(pdftex.def)             Requested size: 597.217pt x 845.23425pt.
File: "AgR PH CRB PCR analysis Report_SM170615".pdf Graphic file (type pdf)

<use "AgR PH CRB PCR analysis Report_SM170615".pdf, page 8>
Package pdftex.def Info: "AgR PH CRB PCR analysis Report_SM170615".pdf, page8 u
sed on input line 333.
(pdftex.def)             Requested size: 597.217pt x 845.23425pt.
File: "AgR PH CRB PCR analysis Report_SM170615".pdf Graphic file (type pdf)

<use "AgR PH CRB PCR analysis Report_SM170615".pdf, page 8>
Package pdftex.def Info: "AgR PH CRB PCR analysis Report_SM170615".pdf, page8 u
sed on input line 333.
(pdftex.def)             Requested size: 597.217pt x 845.23425pt.
 [28 <./AgR PH CRB PCR analysis Report_SM170615.pdf>]
<"AgR PH CRB PCR analysis Report_SM170615".pdf, id=336, page=9, 597.19112pt x 8
45.19763pt>
File: "AgR PH CRB PCR analysis Report_SM170615".pdf Graphic file (type pdf)
 <use "AgR PH CRB PCR analysis Report_SM170615".pdf, page 9>
Package pdftex.def Info: "AgR PH CRB PCR analysis Report_SM170615".pdf, page9 u
sed on input line 333.
(pdftex.def)             Requested size: 597.217pt x 845.23425pt.
File: "AgR PH CRB PCR analysis Report_SM170615".pdf Graphic file (type pdf)

<use "AgR PH CRB PCR analysis Report_SM170615".pdf, page 9>
Package pdftex.def Info: "AgR PH CRB PCR analysis Report_SM170615".pdf, page9 u
sed on input line 333.
(pdftex.def)             Requested size: 597.217pt x 845.23425pt.
File: "AgR PH CRB PCR analysis Report_SM170615".pdf Graphic file (type pdf)

<use "AgR PH CRB PCR analysis Report_SM170615".pdf, page 9>
Package pdftex.def Info: "AgR PH CRB PCR analysis Report_SM170615".pdf, page9 u
sed on input line 333.
(pdftex.def)             Requested size: 597.217pt x 845.23425pt.
 [29 <./AgR PH CRB PCR analysis Report_SM170615.pdf>]
<"AgR PH CRB PCR analysis Report_SM170615".pdf, id=342, page=10, 597.19112pt x 
845.19763pt>
File: "AgR PH CRB PCR analysis Report_SM170615".pdf Graphic file (type pdf)
 <use "AgR PH CRB PCR analysis Report_SM170615".pdf, page 10>
Package pdftex.def Info: "AgR PH CRB PCR analysis Report_SM170615".pdf, page10 
used on input line 333.
(pdftex.def)             Requested size: 597.217pt x 845.23425pt.
File: "AgR PH CRB PCR analysis Report_SM170615".pdf Graphic file (type pdf)

<use "AgR PH CRB PCR analysis Report_SM170615".pdf, page 10>
Package pdftex.def Info: "AgR PH CRB PCR analysis Report_SM170615".pdf, page10 
used on input line 333.
(pdftex.def)             Requested size: 597.217pt x 845.23425pt.
File: "AgR PH CRB PCR analysis Report_SM170615".pdf Graphic file (type pdf)

<use "AgR PH CRB PCR analysis Report_SM170615".pdf, page 10>
Package pdftex.def Info: "AgR PH CRB PCR analysis Report_SM170615".pdf, page10 
used on input line 333.
(pdftex.def)             Requested size: 597.217pt x 845.23425pt.
 [30 <./AgR PH CRB PCR analysis Report_SM170615.pdf>]
<"AgR PH CRB PCR analysis Report_SM170615".pdf, id=348, page=11, 597.19112pt x 
845.19763pt>
File: "AgR PH CRB PCR analysis Report_SM170615".pdf Graphic file (type pdf)
 <use "AgR PH CRB PCR analysis Report_SM170615".pdf, page 11>
Package pdftex.def Info: "AgR PH CRB PCR analysis Report_SM170615".pdf, page11 
used on input line 333.
(pdftex.def)             Requested size: 597.217pt x 845.23425pt.
File: "AgR PH CRB PCR analysis Report_SM170615".pdf Graphic file (type pdf)

<use "AgR PH CRB PCR analysis Report_SM170615".pdf, page 11>
Package pdftex.def Info: "AgR PH CRB PCR analysis Report_SM170615".pdf, page11 
used on input line 333.
(pdftex.def)             Requested size: 597.217pt x 845.23425pt.
File: "AgR PH CRB PCR analysis Report_SM170615".pdf Graphic file (type pdf)

<use "AgR PH CRB PCR analysis Report_SM170615".pdf, page 11>
Package pdftex.def Info: "AgR PH CRB PCR analysis Report_SM170615".pdf, page11 
used on input line 333.
(pdftex.def)             Requested size: 597.217pt x 845.23425pt.
 [31 <./AgR PH CRB PCR analysis Report_SM170615.pdf>]
<"AgR PH CRB PCR analysis Report_SM170615".pdf, id=355, page=12, 597.19112pt x 
845.19763pt>
File: "AgR PH CRB PCR analysis Report_SM170615".pdf Graphic file (type pdf)
 <use "AgR PH CRB PCR analysis Report_SM170615".pdf, page 12>
Package pdftex.def Info: "AgR PH CRB PCR analysis Report_SM170615".pdf, page12 
used on input line 333.
(pdftex.def)             Requested size: 597.217pt x 845.23425pt.
File: "AgR PH CRB PCR analysis Report_SM170615".pdf Graphic file (type pdf)

<use "AgR PH CRB PCR analysis Report_SM170615".pdf, page 12>
Package pdftex.def Info: "AgR PH CRB PCR analysis Report_SM170615".pdf, page12 
used on input line 333.
(pdftex.def)             Requested size: 597.217pt x 845.23425pt.
File: "AgR PH CRB PCR analysis Report_SM170615".pdf Graphic file (type pdf)

<use "AgR PH CRB PCR analysis Report_SM170615".pdf, page 12>
Package pdftex.def Info: "AgR PH CRB PCR analysis Report_SM170615".pdf, page12 
used on input line 333.
(pdftex.def)             Requested size: 597.217pt x 845.23425pt.
 [32 <./AgR PH CRB PCR analysis Report_SM170615.pdf>]
<"AgR PH CRB PCR analysis Report_SM170615".pdf, id=361, page=13, 597.19112pt x 
845.19763pt>
File: "AgR PH CRB PCR analysis Report_SM170615".pdf Graphic file (type pdf)
 <use "AgR PH CRB PCR analysis Report_SM170615".pdf, page 13>
Package pdftex.def Info: "AgR PH CRB PCR analysis Report_SM170615".pdf, page13 
used on input line 333.
(pdftex.def)             Requested size: 597.217pt x 845.23425pt.
File: "AgR PH CRB PCR analysis Report_SM170615".pdf Graphic file (type pdf)

<use "AgR PH CRB PCR analysis Report_SM170615".pdf, page 13>
Package pdftex.def Info: "AgR PH CRB PCR analysis Report_SM170615".pdf, page13 
used on input line 333.
(pdftex.def)             Requested size: 597.217pt x 845.23425pt.
File: "AgR PH CRB PCR analysis Report_SM170615".pdf Graphic file (type pdf)

<use "AgR PH CRB PCR analysis Report_SM170615".pdf, page 13>
Package pdftex.def Info: "AgR PH CRB PCR analysis Report_SM170615".pdf, page13 
used on input line 333.
(pdftex.def)             Requested size: 597.217pt x 845.23425pt.
 [33 <./AgR PH CRB PCR analysis Report_SM170615.pdf>]
<"FY18-FB-budget ".pdf, id=367, 614.295pt x 794.97pt>
File: "FY18-FB-budget ".pdf Graphic file (type pdf)

<use "FY18-FB-budget ".pdf>
Package pdftex.def Info: "FY18-FB-budget ".pdf used on input line 341.
(pdftex.def)             Requested size: 614.29349pt x 794.96806pt.
File: "FY18-FB-budget ".pdf Graphic file (type pdf)
 <use "FY18-FB-budget ".pdf>
Package pdftex.def Info: "FY18-FB-budget ".pdf used on input line 341.
(pdftex.def)             Requested size: 614.29349pt x 794.96806pt.

<"FY18-FB-budget ".pdf, id=370, page=1, 614.295pt x 794.97pt>
File: "FY18-FB-budget ".pdf Graphic file (type pdf)

<use "FY18-FB-budget ".pdf, page 1>
Package pdftex.def Info: "FY18-FB-budget ".pdf, page1 used on input line 341.
(pdftex.def)             Requested size: 614.29349pt x 794.96806pt.
File: "FY18-FB-budget ".pdf Graphic file (type pdf)
 <use "FY18-FB-budget ".pdf, page 1>
Package pdftex.def Info: "FY18-FB-budget ".pdf, page1 used on input line 341.
(pdftex.def)             Requested size: 597.78697pt x 773.60669pt.

[34]
File: "FY18-FB-budget ".pdf Graphic file (type pdf)
 <use "FY18-FB-budget ".pdf, page 1>
Package pdftex.def Info: "FY18-FB-budget ".pdf, page1 used on input line 341.
(pdftex.def)             Requested size: 597.78697pt x 773.60669pt.
File: "FY18-FB-budget ".pdf Graphic file (type pdf)
 <use "FY18-FB-budget ".pdf, page 1>
Package pdftex.def Info: "FY18-FB-budget ".pdf, page1 used on input line 341.
(pdftex.def)             Requested size: 597.78697pt x 773.60669pt.
File: "FY18-FB-budget ".pdf Graphic file (type pdf)

<use "FY18-FB-budget ".pdf, page 1>
Package pdftex.def Info: "FY18-FB-budget ".pdf, page1 used on input line 341.
(pdftex.def)             Requested size: 597.78697pt x 773.60669pt.
 [35 <./FY18-FB-budget .pdf>]
Package atveryend Info: Empty hook `BeforeClearDocument' on input line 342.
Package atveryend Info: Empty hook `AfterLastShipout' on input line 342.
 (./temp.aux)
Package atveryend Info: Executing hook `AtVeryEndDocument' on input line 342.
Package atveryend Info: Executing hook `AtEndAfterFileList' on input line 342.
Package rerunfilecheck Info: File `temp.out' has not changed.
(rerunfilecheck)             Checksum: 21D33AFEA539D81FAB7637661E71879E;3910.


LaTeX Warning: There were undefined references.

Package atveryend Info: Empty hook `AtVeryVeryEnd' on input line 342.
 ) 
Here is how much of TeX's memory you used:
 11978 strings out of 493029
 180951 string characters out of 6136234
 315190 words of memory out of 5000000
 15329 multiletter control sequences out of 15000+600000
 14166 words of font info for 35 fonts, out of 8000000 for 9000
 1141 hyphenation exceptions out of 8191
 41i,18n,54p,545b,532s stack positions out of 5000i,500n,10000p,200000b,80000s
{/usr/share/texmf/fonts/enc/dvips/cm-super/cm-super-t1.enc}</usr/share/texliv
e/texmf-dist/fonts/type1/public/amsfonts/cm/cmsy10.pfb></usr/share/texmf/fonts/
type1/public/cm-super/sfbx1095.pfb></usr/share/texmf/fonts/type1/public/cm-supe
r/sfbx1200.pfb></usr/share/texmf/fonts/type1/public/cm-super/sfrm1095.pfb></usr
/share/texmf/fonts/type1/public/cm-super/sfrm1200.pfb></usr/share/texmf/fonts/t
ype1/public/cm-super/sfrm1440.pfb></usr/share/texmf/fonts/type1/public/cm-super
/sfrm1728.pfb></usr/share/texmf/fonts/type1/public/cm-super/sfsx1095.pfb></usr/
share/texmf/fonts/type1/public/cm-super/sfsx1200.pfb></usr/share/texmf/fonts/ty
pe1/public/cm-super/sfsx1440.pfb></usr/share/texmf/fonts/type1/public/cm-super/
sfsx1728.pfb></usr/share/texmf/fonts/type1/public/cm-super/sfsx2074.pfb></usr/s
hare/texmf/fonts/type1/public/cm-super/sfsx2488.pfb></usr/share/texmf/fonts/typ
e1/public/cm-super/sfti1095.pfb></usr/share/texmf/fonts/type1/public/cm-super/s
fti1200.pfb>
Output written on temp.pdf (35 pages, 842963 bytes).
PDF statistics:
 446 PDF objects out of 1000 (max. 8388607)
 342 compressed objects within 4 object streams
 56 named destinations out of 1000 (max. 500000)
 291 words of extra memory for PDF output out of 10000 (max. 10000000)

